#
# A fatal error has been detected by the Java Runtime Environment:
#
#  Internal Error (javaClasses.cpp:136), pid=8716, tid=1908
#  fatal error: Invalid layout of preloaded class
#
# JRE version:  (7.0_45-b18) (build )
# Java VM: Java HotSpot(TM) 64-Bit Server VM (24.45-b08 mixed mode windows-amd64 compressed oops)
# Failed to write core dump. Minidumps are not enabled by default on client versions of Windows
#
# If you would like to submit a bug report, please visit:
#   http://bugreport.sun.com/bugreport/crash.jsp
#

---------------  T H R E A D  ---------------

Current thread (0x00000000022cd800):  JavaThread "Unknown thread" [_thread_in_vm, id=1908, stack(0x00000000024c0000,0x00000000025c0000)]

Stack: [0x00000000024c0000,0x00000000025c0000]

---------------  P R O C E S S  ---------------

Java Threads: ( => current thread )

Other Threads:

=>0x00000000022cd800 (exited) JavaThread "Unknown thread" [_thread_in_vm, id=1908, stack(0x00000000024c0000,0x00000000025c0000)]

VM state:not at safepoint (not fully initialized)

VM Mutex/Monitor currently owned by a thread: None

GC Heap History (0 events):
No events

Deoptimization events (0 events):
No events

Internal exceptions (0 events):
No events

Events (10 events):
Event: 0.008 loading class 0x0000000001fccb00 done
Event: 0.008 loading class 0x0000000001fcc520 done
Event: 0.008 loading class 0x0000000001fcc500
Event: 0.008 loading class 0x0000000001fd4620
Event: 0.008 loading class 0x0000000001fd4620 done
Event: 0.008 loading class 0x0000000001fd4650
Event: 0.008 loading class 0x0000000001fd4650 done
Event: 0.008 loading class 0x0000000001fd4680
Event: 0.008 loading class 0x0000000001fd4680 done
Event: 0.008 loading class 0x0000000001fcc500 done


Dynamic libraries:
0x000000013f5d0000 - 0x000000013f603000 	C:\Program Files\Java\jre7\bin\javaw.exe
0x0000000077450000 - 0x00000000775f9000 	C:\Windows\SYSTEM32\ntdll.dll
0x0000000077230000 - 0x000000007734f000 	C:\Windows\system32\kernel32.dll
0x000007fefd3e0000 - 0x000007fefd44b000 	C:\Windows\system32\KERNELBASE.dll
0x000007fefed50000 - 0x000007fefee2b000 	C:\Windows\system32\ADVAPI32.dll
0x000007fefd790000 - 0x000007fefd82f000 	C:\Windows\system32\msvcrt.dll
0x000007feff320000 - 0x000007feff33f000 	C:\Windows\SYSTEM32\sechost.dll
0x000007fefd660000 - 0x000007fefd78d000 	C:\Windows\system32\RPCRT4.dll
0x0000000077350000 - 0x000000007744a000 	C:\Windows\system32\USER32.dll
0x000007feff340000 - 0x000007feff3a7000 	C:\Windows\system32\GDI32.dll
0x000007fefead0000 - 0x000007fefeade000 	C:\Windows\system32\LPK.dll
0x000007fefe8a0000 - 0x000007fefe969000 	C:\Windows\system32\USP10.dll
0x000007fefba20000 - 0x000007fefbc14000 	C:\Windows\WinSxS\amd64_microsoft.windows.common-controls_6595b64144ccf1df_6.0.7601.17514_none_fa396087175ac9ac\COMCTL32.dll
0x000007fefe970000 - 0x000007fefe9e1000 	C:\Windows\system32\SHLWAPI.dll
0x000007fefe870000 - 0x000007fefe89e000 	C:\Windows\system32\IMM32.DLL
0x000007feff450000 - 0x000007feff559000 	C:\Windows\system32\MSCTF.dll
0x000007fefa730000 - 0x000007fefa737000 	c:\progra~3\wincert\win64c~1.dll
0x0000000065d20000 - 0x0000000065df2000 	C:\Program Files\Java\jre7\bin\msvcr100.dll
0x0000000053b90000 - 0x0000000054359000 	C:\Program Files\Java\jre7\bin\server\jvm.dll
0x000007fefbf00000 - 0x000007fefbf09000 	C:\Windows\system32\WSOCK32.dll
0x000007fefda90000 - 0x000007fefdadd000 	C:\Windows\system32\WS2_32.dll
0x000007fefd650000 - 0x000007fefd658000 	C:\Windows\system32\NSI.dll
0x000007fefbe10000 - 0x000007fefbe4b000 	C:\Windows\system32\WINMM.dll
0x0000000077620000 - 0x0000000077627000 	C:\Windows\system32\PSAPI.DLL
0x000000006ad30000 - 0x000000006ad3f000 	C:\Program Files\Java\jre7\bin\verify.dll
0x0000000069620000 - 0x0000000069648000 	C:\Program Files\Java\jre7\bin\java.dll
0x0000000069660000 - 0x0000000069675000 	C:\Program Files\Java\jre7\bin\zip.dll

VM Arguments:
jvm_args: -Dfile.encoding=Cp1252 -Xbootclasspath:C:\Program Files (x86)\Android\android-sdk\platforms\android-10\android.jar 
java_command: com.example.findline.MainActivity
Launcher Type: SUN_STANDARD

Environment Variables:
JAVA_HOME=C:\Program Files\Java\jdk1.7.0_45
CLASSPATH=C:\Users\Administrator\Documents\ecole\programmation\java++\apache-tomcat-7.0 JSP\apache-tomcat-7.0.37\lib\servlet-api.jar
PATH=C:\Program Files (x86)\AMD APP\bin\x86_64;C:\Program Files (x86)\AMD APP\bin\x86;C:\Windows\system32;C:\Windows;C:\Windows\System32\Wbem;C:\Windows\System32\WindowsPowerShell\v1.0\;C:\Program Files (x86)\ATI Technologies\ATI.ACE\Core-Static;C:\Program Files\Java\jdk1.7.0_45\bin;C:\Program Files\MySQL\MySQL Server 5.6\bin;C:\Program Files\Internet Explorer;C:\Program Files (x86)\Smart Projects\IsoBuster;C:\Program Files (x86)\ZipGenius 6\
USERNAME=Administrator
OS=Windows_NT
PROCESSOR_IDENTIFIER=Intel64 Family 6 Model 37 Stepping 5, GenuineIntel



---------------  S Y S T E M  ---------------

OS: Windows 7 , 64 bit Build 7601 Service Pack 1

CPU:total 4 (2 cores per cpu, 2 threads per core) family 6 model 37 stepping 5, cmov, cx8, fxsr, mmx, sse, sse2, sse3, ssse3, sse4.1, sse4.2, popcnt, ht, tsc, tscinvbit

Memory: 4k page, physical 4046264k(1112120k free), swap 8090664k(2398296k free)

vm_info: Java HotSpot(TM) 64-Bit Server VM (24.45-b08) for windows-amd64 JRE (1.7.0_45-b18), built on Oct  8 2013 05:47:22 by "java_re" with unknown MS VC++:1600

time: Sun Jan 05 20:46:30 2014
elapsed time: 0 seconds

